  pch.cpp
  Bullet.cpp
  EnemyBuilding.cpp
  Framework.cpp
C:\Users\KGA\Desktop\ReAgeOfWar\Framework\Framework\Framework.cpp(7,20): warning C4244: '인수': 'time_t'에서 'unsigned int'(으)로 변환하면서 데이터가 손실될 수 있습니다.
  (소스 파일 '/Framework/Framework.cpp'을(를) 컴파일하는 중)
  
  InputMgr.cpp
  Utils.cpp
  GameObject.cpp
  main.cpp
  PlayerBuilding.cpp
  SceneGame.cpp
C:\Users\KGA\Desktop\ReAgeOfWar\Framework\UiHud.h(26,17): warning C4244: '초기화 중': 'float'에서 'int'(으)로 변환하면서 데이터가 손실될 수 있습니다.
  (소스 파일 '/Scenes/SceneGame.cpp'을(를) 컴파일하는 중)
  
  Scene.cpp
C:\Users\KGA\Desktop\ReAgeOfWar\Framework\Scenes\Scene.cpp(254,18): warning C4267: 'return': 'size_t'에서 'int'(으)로 변환하면서 데이터가 손실될 수 있습니다.
  (소스 파일 '/Scenes/Scene.cpp'을(를) 컴파일하는 중)
  
  SceneMgr.cpp
  SceneDev1.cpp
  SceneDev2.cpp
  SpriteGo.cpp
  TextGo.cpp
  TitleScene.cpp
  Turret.cpp
  UiHud.cpp
C:\Users\KGA\Desktop\ReAgeOfWar\Framework\UiHud.h(26,17): warning C4244: '초기화 중': 'float'에서 'int'(으)로 변환하면서 데이터가 손실될 수 있습니다.
  (소스 파일 '/UiHud.cpp'을(를) 컴파일하는 중)
  
  코드를 생성하고 있습니다...
  LINK : ..\Framework Bin\Framework.exe을(를) 찾을 수 없거나 마지막 증분 링크에 의해 빌드되지 않았습니다. 전체 링크를 수행하고 있습니다.
  Framework.vcxproj -> C:\Users\KGA\Desktop\ReAgeOfWar\Framework Bin\Framework.exe
